<!DOCTYPE html PUBLIC "-//W3C//DTD XHTML 1.1//EN" "http://www.w3.org/TR/xhtml11/DTD/xhtml11.dtd">
<html xmlns="http://www.w3.org/1999/xhtml">
<head>
<meta http-equiv="content-type" content="text/html; charset=UTF-8"/>
<title>TestNG Report</title>
<style type="text/css">table {margin-bottom:10px;border-collapse:collapse;empty-cells:show}th,td {border:1px solid #009;padding:.25em .5em}th {vertical-align:bottom}td {vertical-align:top}table a {font-weight:bold}.stripe td {background-color: #E6EBF9}.num {text-align:right}.passedodd td {background-color: #3F3}.passedeven td {background-color: #0A0}.skippedodd td {background-color: #DDD}.skippedeven td {background-color: #CCC}.failedodd td,.attn {background-color: #F33}.failedeven td,.stripe .attn {background-color: #D00}.stacktrace {white-space:pre;font-family:monospace}.totop {font-size:85%;text-align:center;border-bottom:2px solid #000}.invisible {display:none}</style>
</head>
<body>
<table>
<tr><th>Test</th><th># Passed</th><th># Skipped</th><th># Failed</th><th>Time (ms)</th><th>Included Groups</th><th>Excluded Groups</th></tr>
<tr><th colspan="7">Default suite</th></tr>
<tr><td><a href="#t0">Default test</a></td><td class="num">0</td><td class="num">0</td><td class="num attn">4</td><td class="num">7,678</td><td></td><td></td></tr>
</table>
<table id='summary'><thead><tr><th>Class</th><th>Method</th><th>Start</th><th>Time (ms)</th></tr></thead><tbody><tr><th colspan="4">Default suite</th></tr></tbody><tbody id="t0"><tr><th colspan="4">Default test &#8212; failed</th></tr><tr class="failedeven"><td rowspan="4">com.kaltura.KalturaMainRestTests</td><td><a href="#m0">getTasksInfoWithinSpicificPerioud</a></td><td rowspan="4">1559563781325</td><td rowspan="4">277</td></tr><tr class="failedeven"><td><a href="#m1">getTasksInfoWithinSpicificPerioud</a></td></tr><tr class="failedeven"><td><a href="#m2">getTasksInfoWithinSpicificPerioud</a></td></tr><tr class="failedeven"><td><a href="#m3">getTasksInfoWithinSpicificPerioud</a></td></tr></tbody>
</table>
<h2>Default test</h2><h3 id="m0">com.kaltura.KalturaMainRestTests#getTasksInfoWithinSpicificPerioud</h3><table class="result"><tr class="param"><th>Parameter #1</th></tr><tr class="param stripe"><td>{Description=Negative Test POST action/login , can&apos;t login with non exist user, Request Body={
 &quot;partnerId&quot;: 185,
 &quot;username&quot;: &quot;&quot;,
 &quot;password&quot;: &quot;password&quot;
 &quot;extraParams&quot;: {
  &quot;&apos;item1&apos;&quot;: {
  &quot;objectType&quot;: &quot;KalturaStringValue&quot;,
  &quot;description&quot;: &quot;value&quot;,
  &quot;value&quot;: &quot;value&quot;
 }
},
 &quot;udid&quot;: &quot;value&quot;
}, HTTP Response=200,OK, HTTP Method=POST, Expected Headers=Content-Type=application/json, Request Type=application/json, Action=login with empty username, Expected Body=, Relative URL=service/ottuser/action/login, Header Authentication=, Request Schema=, Test ID=4}</td></tr><tr><th>Exception</th></tr><tr><td><div class="stacktrace">java.lang.AssertionError: validate headers content type expected [application/json] but found [application/json; charset=utf-8]
	at org.testng.Assert.fail(Assert.java:96)
	at org.testng.Assert.failNotEquals(Assert.java:776)
	at org.testng.Assert.assertEqualsImpl(Assert.java:137)
	at org.testng.Assert.assertEquals(Assert.java:118)
	at org.testng.Assert.assertEquals(Assert.java:453)
	at kaltura.kaltura.restapi.test.utils.RestValidator.validateHeaders(RestValidator.java:76)
	at kaltura.kaltura.restapi.test.utils.RestValidator.validate(RestValidator.java:42)
	at kaltura.kaltura.restapi.test.base.BaseRestAPI.validate(BaseRestAPI.java:183)
	at com.kaltura.KalturaMainRestTests.runnCall(KalturaMainRestTests.java:52)
	at com.kaltura.KalturaMainRestTests.getTasksInfoWithinSpicificPerioud(KalturaMainRestTests.java:30)
	at sun.reflect.NativeMethodAccessorImpl.invoke0(Native Method)
	at sun.reflect.NativeMethodAccessorImpl.invoke(NativeMethodAccessorImpl.java:62)
	at sun.reflect.DelegatingMethodAccessorImpl.invoke(DelegatingMethodAccessorImpl.java:43)
	at java.lang.reflect.Method.invoke(Method.java:498)
	at org.testng.internal.MethodInvocationHelper.invokeMethod(MethodInvocationHelper.java:124)
	at org.testng.internal.Invoker.invokeMethod(Invoker.java:580)
	at org.testng.internal.Invoker.invokeTestMethod(Invoker.java:716)
	at org.testng.internal.Invoker.invokeTestMethods(Invoker.java:988)
	at org.testng.internal.TestMethodWorker.invokeTestMethods(TestMethodWorker.java:125)
	at org.testng.internal.TestMethodWorker.run(TestMethodWorker.java:109)
	at org.testng.TestRunner.privateRun(TestRunner.java:648)
	at org.testng.TestRunner.run(TestRunner.java:505)
	at org.testng.SuiteRunner.runTest(SuiteRunner.java:455)
	at org.testng.SuiteRunner.runSequentially(SuiteRunner.java:450)
	at org.testng.SuiteRunner.privateRun(SuiteRunner.java:415)
	at org.testng.SuiteRunner.run(SuiteRunner.java:364)
	at org.testng.SuiteRunnerWorker.runSuite(SuiteRunnerWorker.java:52)
	at org.testng.SuiteRunnerWorker.run(SuiteRunnerWorker.java:84)
	at org.testng.TestNG.runSuitesSequentially(TestNG.java:1208)
	at org.testng.TestNG.runSuitesLocally(TestNG.java:1137)
	at org.testng.TestNG.runSuites(TestNG.java:1049)
	at org.testng.TestNG.run(TestNG.java:1017)
	at org.testng.remote.AbstractRemoteTestNG.run(AbstractRemoteTestNG.java:114)
	at org.testng.remote.RemoteTestNG.initAndRun(RemoteTestNG.java:251)
	at org.testng.remote.RemoteTestNG.main(RemoteTestNG.java:77)
</div></td></tr></table><p class="totop"><a href="#summary">back to summary</a></p>
<h3 id="m1">com.kaltura.KalturaMainRestTests#getTasksInfoWithinSpicificPerioud</h3><table class="result"><tr class="param"><th>Parameter #1</th></tr><tr class="param stripe"><td>{Description=POST action/register register new user, Request Body={
  &quot;partnerId&quot;:185,
  &quot;user&quot;: {
    &quot;objectType&quot;: &quot;KalturaOTTUser&quot;,
    &quot;username&quot;: &quot;kalturatest&quot;,
    &quot;firstName&quot;: &quot;kaltest&quot;,
    &quot;lastName&quot;: &quot;m375168491&quot;,
    &quot;email&quot;: &quot;qah153787591@gmail.com&quot;,
    &quot;address&quot;: &quot;xympdpkyymlh fake address&quot;,
    &quot;city&quot;: &quot;xympdpkyymlh fake city&quot;,
    &quot;countryId&quot;: 7,
    &quot;externalId&quot;: &quot;ehabmassad12&quot;
  },
  &quot;password&quot;: &quot;password&quot;
}, HTTP Response=200,OK, HTTP Method=POST, Expected Headers=Content-Type=application/json, Request Type=application/json, Action=register user and check you got relevant id, Expected Body=, Relative URL=service/ottuser/action/register, Header Authentication=, Request Schema=, Test ID=1}</td></tr><tr><th>Exception</th></tr><tr><td><div class="stacktrace">java.lang.AssertionError: validate headers content type expected [application/json] but found [application/json; charset=utf-8]
	at org.testng.Assert.fail(Assert.java:96)
	at org.testng.Assert.failNotEquals(Assert.java:776)
	at org.testng.Assert.assertEqualsImpl(Assert.java:137)
	at org.testng.Assert.assertEquals(Assert.java:118)
	at org.testng.Assert.assertEquals(Assert.java:453)
	at kaltura.kaltura.restapi.test.utils.RestValidator.validateHeaders(RestValidator.java:76)
	at kaltura.kaltura.restapi.test.utils.RestValidator.validate(RestValidator.java:42)
	at kaltura.kaltura.restapi.test.base.BaseRestAPI.validate(BaseRestAPI.java:183)
	at com.kaltura.KalturaMainRestTests.runnCall(KalturaMainRestTests.java:52)
	at com.kaltura.KalturaMainRestTests.getTasksInfoWithinSpicificPerioud(KalturaMainRestTests.java:30)
	at sun.reflect.NativeMethodAccessorImpl.invoke0(Native Method)
	at sun.reflect.NativeMethodAccessorImpl.invoke(NativeMethodAccessorImpl.java:62)
	at sun.reflect.DelegatingMethodAccessorImpl.invoke(DelegatingMethodAccessorImpl.java:43)
	at java.lang.reflect.Method.invoke(Method.java:498)
	at org.testng.internal.MethodInvocationHelper.invokeMethod(MethodInvocationHelper.java:124)
	at org.testng.internal.Invoker.invokeMethod(Invoker.java:580)
	at org.testng.internal.Invoker.invokeTestMethod(Invoker.java:716)
	at org.testng.internal.Invoker.invokeTestMethods(Invoker.java:988)
	at org.testng.internal.TestMethodWorker.invokeTestMethods(TestMethodWorker.java:125)
	at org.testng.internal.TestMethodWorker.run(TestMethodWorker.java:109)
	at org.testng.TestRunner.privateRun(TestRunner.java:648)
	at org.testng.TestRunner.run(TestRunner.java:505)
	at org.testng.SuiteRunner.runTest(SuiteRunner.java:455)
	at org.testng.SuiteRunner.runSequentially(SuiteRunner.java:450)
	at org.testng.SuiteRunner.privateRun(SuiteRunner.java:415)
	at org.testng.SuiteRunner.run(SuiteRunner.java:364)
	at org.testng.SuiteRunnerWorker.runSuite(SuiteRunnerWorker.java:52)
	at org.testng.SuiteRunnerWorker.run(SuiteRunnerWorker.java:84)
	at org.testng.TestNG.runSuitesSequentially(TestNG.java:1208)
	at org.testng.TestNG.runSuitesLocally(TestNG.java:1137)
	at org.testng.TestNG.runSuites(TestNG.java:1049)
	at org.testng.TestNG.run(TestNG.java:1017)
	at org.testng.remote.AbstractRemoteTestNG.run(AbstractRemoteTestNG.java:114)
	at org.testng.remote.RemoteTestNG.initAndRun(RemoteTestNG.java:251)
	at org.testng.remote.RemoteTestNG.main(RemoteTestNG.java:77)
</div></td></tr></table><p class="totop"><a href="#summary">back to summary</a></p>
<h3 id="m2">com.kaltura.KalturaMainRestTests#getTasksInfoWithinSpicificPerioud</h3><table class="result"><tr class="param"><th>Parameter #1</th></tr><tr class="param stripe"><td>{Description= POST action/login,login with exist user, Request Body={
 &quot;partnerId&quot;: 185,
 &quot;username&quot;: &quot;kalturatest&quot;,
 &quot;password&quot;: &quot;password&quot;,
 &quot;extraParams&quot;: {
  &quot;&apos;item1&apos;&quot;: {
  &quot;objectType&quot;: &quot;KalturaStringValue&quot;,
  &quot;description&quot;: &quot;value&quot;,
  &quot;value&quot;: &quot;value&quot;
 }
},
 &quot;udid&quot;: &quot;value&quot;
}value&quot;
}, HTTP Response=200,OK, HTTP Method=POST, Expected Headers=Content-Type=application/json, Request Type=application/json, Action=login with valid user , Expected Body=, Relative URL=service/ottuser/action/login, Header Authentication=, Request Schema=, Test ID=3}</td></tr><tr><th>Exception</th></tr><tr><td><div class="stacktrace">java.lang.AssertionError: validate headers content type expected [application/json] but found [application/json; charset=utf-8]
	at org.testng.Assert.fail(Assert.java:96)
	at org.testng.Assert.failNotEquals(Assert.java:776)
	at org.testng.Assert.assertEqualsImpl(Assert.java:137)
	at org.testng.Assert.assertEquals(Assert.java:118)
	at org.testng.Assert.assertEquals(Assert.java:453)
	at kaltura.kaltura.restapi.test.utils.RestValidator.validateHeaders(RestValidator.java:76)
	at kaltura.kaltura.restapi.test.utils.RestValidator.validate(RestValidator.java:42)
	at kaltura.kaltura.restapi.test.base.BaseRestAPI.validate(BaseRestAPI.java:183)
	at com.kaltura.KalturaMainRestTests.runnCall(KalturaMainRestTests.java:52)
	at com.kaltura.KalturaMainRestTests.getTasksInfoWithinSpicificPerioud(KalturaMainRestTests.java:30)
	at sun.reflect.NativeMethodAccessorImpl.invoke0(Native Method)
	at sun.reflect.NativeMethodAccessorImpl.invoke(NativeMethodAccessorImpl.java:62)
	at sun.reflect.DelegatingMethodAccessorImpl.invoke(DelegatingMethodAccessorImpl.java:43)
	at java.lang.reflect.Method.invoke(Method.java:498)
	at org.testng.internal.MethodInvocationHelper.invokeMethod(MethodInvocationHelper.java:124)
	at org.testng.internal.Invoker.invokeMethod(Invoker.java:580)
	at org.testng.internal.Invoker.invokeTestMethod(Invoker.java:716)
	at org.testng.internal.Invoker.invokeTestMethods(Invoker.java:988)
	at org.testng.internal.TestMethodWorker.invokeTestMethods(TestMethodWorker.java:125)
	at org.testng.internal.TestMethodWorker.run(TestMethodWorker.java:109)
	at org.testng.TestRunner.privateRun(TestRunner.java:648)
	at org.testng.TestRunner.run(TestRunner.java:505)
	at org.testng.SuiteRunner.runTest(SuiteRunner.java:455)
	at org.testng.SuiteRunner.runSequentially(SuiteRunner.java:450)
	at org.testng.SuiteRunner.privateRun(SuiteRunner.java:415)
	at org.testng.SuiteRunner.run(SuiteRunner.java:364)
	at org.testng.SuiteRunnerWorker.runSuite(SuiteRunnerWorker.java:52)
	at org.testng.SuiteRunnerWorker.run(SuiteRunnerWorker.java:84)
	at org.testng.TestNG.runSuitesSequentially(TestNG.java:1208)
	at org.testng.TestNG.runSuitesLocally(TestNG.java:1137)
	at org.testng.TestNG.runSuites(TestNG.java:1049)
	at org.testng.TestNG.run(TestNG.java:1017)
	at org.testng.remote.AbstractRemoteTestNG.run(AbstractRemoteTestNG.java:114)
	at org.testng.remote.RemoteTestNG.initAndRun(RemoteTestNG.java:251)
	at org.testng.remote.RemoteTestNG.main(RemoteTestNG.java:77)
</div></td></tr></table><p class="totop"><a href="#summary">back to summary</a></p>
<h3 id="m3">com.kaltura.KalturaMainRestTests#getTasksInfoWithinSpicificPerioud</h3><table class="result"><tr class="param"><th>Parameter #1</th></tr><tr class="param stripe"><td>{Description=Negative Test POST action/register  , can&apos;t register exist user, Request Body={
  &quot;partnerId&quot;:185,
  &quot;user&quot;: {
    &quot;objectType&quot;: &quot;KalturaOTTUser&quot;,
    &quot;username&quot;: &quot;kalturatest&quot;,
    &quot;firstName&quot;: &quot;kaltest&quot;,
    &quot;lastName&quot;: &quot;m375168491&quot;,
    &quot;email&quot;: &quot;qah153787591@gmail.com&quot;,
    &quot;address&quot;: &quot;xympdpkyymlh fake address&quot;,
    &quot;city&quot;: &quot;xympdpkyymlh fake city&quot;,
    &quot;countryId&quot;: 7,
    &quot;externalId&quot;: &quot;ehabmassad12&quot;
  },
  &quot;password&quot;: &quot;password&quot;
}, HTTP Response=200,OK, HTTP Method=POST, Expected Headers=Content-Type=application/json, Request Type=application/json, Action=register Exist user and check response message, Expected Body=, Relative URL=service/ottuser/action/register, Header Authentication=, Request Schema=, Test ID=2}</td></tr><tr><th>Exception</th></tr><tr><td><div class="stacktrace">java.lang.AssertionError: validate headers content type expected [application/json] but found [application/json; charset=utf-8]
	at org.testng.Assert.fail(Assert.java:96)
	at org.testng.Assert.failNotEquals(Assert.java:776)
	at org.testng.Assert.assertEqualsImpl(Assert.java:137)
	at org.testng.Assert.assertEquals(Assert.java:118)
	at org.testng.Assert.assertEquals(Assert.java:453)
	at kaltura.kaltura.restapi.test.utils.RestValidator.validateHeaders(RestValidator.java:76)
	at kaltura.kaltura.restapi.test.utils.RestValidator.validate(RestValidator.java:42)
	at kaltura.kaltura.restapi.test.base.BaseRestAPI.validate(BaseRestAPI.java:183)
	at com.kaltura.KalturaMainRestTests.runnCall(KalturaMainRestTests.java:52)
	at com.kaltura.KalturaMainRestTests.getTasksInfoWithinSpicificPerioud(KalturaMainRestTests.java:30)
	at sun.reflect.NativeMethodAccessorImpl.invoke0(Native Method)
	at sun.reflect.NativeMethodAccessorImpl.invoke(NativeMethodAccessorImpl.java:62)
	at sun.reflect.DelegatingMethodAccessorImpl.invoke(DelegatingMethodAccessorImpl.java:43)
	at java.lang.reflect.Method.invoke(Method.java:498)
	at org.testng.internal.MethodInvocationHelper.invokeMethod(MethodInvocationHelper.java:124)
	at org.testng.internal.Invoker.invokeMethod(Invoker.java:580)
	at org.testng.internal.Invoker.invokeTestMethod(Invoker.java:716)
	at org.testng.internal.Invoker.invokeTestMethods(Invoker.java:988)
	at org.testng.internal.TestMethodWorker.invokeTestMethods(TestMethodWorker.java:125)
	at org.testng.internal.TestMethodWorker.run(TestMethodWorker.java:109)
	at org.testng.TestRunner.privateRun(TestRunner.java:648)
	at org.testng.TestRunner.run(TestRunner.java:505)
	at org.testng.SuiteRunner.runTest(SuiteRunner.java:455)
	at org.testng.SuiteRunner.runSequentially(SuiteRunner.java:450)
	at org.testng.SuiteRunner.privateRun(SuiteRunner.java:415)
	at org.testng.SuiteRunner.run(SuiteRunner.java:364)
	at org.testng.SuiteRunnerWorker.runSuite(SuiteRunnerWorker.java:52)
	at org.testng.SuiteRunnerWorker.run(SuiteRunnerWorker.java:84)
	at org.testng.TestNG.runSuitesSequentially(TestNG.java:1208)
	at org.testng.TestNG.runSuitesLocally(TestNG.java:1137)
	at org.testng.TestNG.runSuites(TestNG.java:1049)
	at org.testng.TestNG.run(TestNG.java:1017)
	at org.testng.remote.AbstractRemoteTestNG.run(AbstractRemoteTestNG.java:114)
	at org.testng.remote.RemoteTestNG.initAndRun(RemoteTestNG.java:251)
	at org.testng.remote.RemoteTestNG.main(RemoteTestNG.java:77)
</div></td></tr></table><p class="totop"><a href="#summary">back to summary</a></p>
</body>
</html>
